<?xml version="1.0" encoding="UTF-8"?>
<!-- Generated by org.testng.reporters.JUnitReportReporter -->
<testsuite hostname="DESKTOP-KVRFBUQ" name="com.master.selenium.BasicTestWD" tests="2" failures="0" timestamp="12 May 2018 10:42:18 GMT" time="14.069" errors="0">
  <testcase name="googleMilkExample" time="4.472" classname="com.master.selenium.BasicTestWD"/>
  <testcase name="googleCheeseExample" time="9.597" classname="com.master.selenium.BasicTestWD"/>
</testsuite> <!-- com.master.selenium.BasicTestWD -->
